build/outputs/logs/manifest-merger-debug-report.txt
-- Merging decision tree log ---
manifest
ADDED from myApps/Panning/AndroidManifest.xml:2:1-35:12
	package
		ADDED from myApps/Panning/AndroidManifest.xml:3:5-40
	android:versionName
		ADDED from myApps/Panning/AndroidManifest.xml:5:5-30
	android:versionCode
		ADDED from myApps/Panning/AndroidManifest.xml:4:5-28
		INJECTED from myApps/Panning/AndroidManifest.xml
		INJECTED from myApps/Panning/AndroidManifest.xml
	xmlns:android
		ADDED from myApps/Panning/AndroidManifest.xml:2:11-69
	android:installLocation
		ADDED from myApps/Panning/AndroidManifest.xml:6:5-45
uses-sdk
ADDED from myApps/Panning/AndroidManifest.xml:8:5-10:41
MERGED from [Panning:ofAndroidLib:unspecified] AndroidManifest.xml:7:5-9:41
	android:targetSdkVersion
		ADDED from myApps/Panning/AndroidManifest.xml:10:9-38
		INJECTED from myApps/Panning/AndroidManifest.xml
		INJECTED from myApps/Panning/AndroidManifest.xml
	android:minSdkVersion
		ADDED from myApps/Panning/AndroidManifest.xml:9:9-34
		INJECTED from myApps/Panning/AndroidManifest.xml
		INJECTED from myApps/Panning/AndroidManifest.xml
uses-permission#android.permission.WRITE_EXTERNAL_STORAGE
ADDED from myApps/Panning/AndroidManifest.xml:12:5-97
	android:name
		ADDED from myApps/Panning/AndroidManifest.xml:12:22-78
uses-permission#android.permission.ACCESS_FINE_LOCATION
ADDED from myApps/Panning/AndroidManifest.xml:13:5-95
	android:name
		ADDED from myApps/Panning/AndroidManifest.xml:13:22-76
uses-permission#android.permission.ACCESS_COARSE_LOCATION
ADDED from myApps/Panning/AndroidManifest.xml:14:5-97
	android:name
		ADDED from myApps/Panning/AndroidManifest.xml:14:22-78
uses-permission#android.permission.RECORD_AUDIO
ADDED from myApps/Panning/AndroidManifest.xml:15:5-88
	android:name
		ADDED from myApps/Panning/AndroidManifest.xml:15:22-68
application
ADDED from myApps/Panning/AndroidManifest.xml:18:5-33:19
	android:label
		ADDED from myApps/Panning/AndroidManifest.xml:21:9-41
	android:allowBackup
		ADDED from myApps/Panning/AndroidManifest.xml:19:9-35
	android:icon
		ADDED from myApps/Panning/AndroidManifest.xml:20:9-45
	android:theme
		ADDED from myApps/Panning/AndroidManifest.xml:22:9-40
activity#cc.openframeworks.Panning.OFActivity
ADDED from myApps/Panning/AndroidManifest.xml:23:9-32:20
	android:label
		ADDED from myApps/Panning/AndroidManifest.xml:25:13-45
	android:configChanges
		ADDED from myApps/Panning/AndroidManifest.xml:25:47-93
	android:theme
		ADDED from myApps/Panning/AndroidManifest.xml:26:6-70
	android:name
		ADDED from myApps/Panning/AndroidManifest.xml:24:13-39
intent-filter#android.intent.action.MAIN+android.intent.category.LAUNCHER
ADDED from myApps/Panning/AndroidManifest.xml:27:13-31:29
action#android.intent.action.MAIN
ADDED from myApps/Panning/AndroidManifest.xml:28:17-69
	android:name
		ADDED from myApps/Panning/AndroidManifest.xml:28:25-66
category#android.intent.category.LAUNCHER
ADDED from myApps/Panning/AndroidManifest.xml:30:17-77
	android:name
		ADDED from myApps/Panning/AndroidManifest.xml:30:27-74